2021-07-30 15:16:04,872 INFO org.springframework.boot.StartupInfoLogger [main] Starting Group6projectspringApplication using Java 14.0.2 on DESKTOP-ILDD95P with PID 4736 (C:\Users\Galahad\Desktop\BCS\Project2\hrserver\target\classes started by Galahad in C:\Users\Galahad\Desktop\BCS\Project2\hrserver)
2021-07-30 15:16:04,877 INFO org.springframework.boot.SpringApplication [main] No active profile set, falling back to default profiles: default
2021-07-30 15:16:06,458 INFO org.springframework.data.repository.config.RepositoryConfigurationDelegate [main] Bootstrapping Spring Data JPA repositories in DEFAULT mode.
2021-07-30 15:16:06,494 INFO org.springframework.data.repository.config.RepositoryConfigurationDelegate [main] Finished Spring Data repository scanning in 25 ms. Found 0 JPA repository interfaces.
2021-07-30 15:16:06,964 INFO org.springframework.boot.web.embedded.tomcat.TomcatWebServer [main] Tomcat initialized with port(s): 9090 (http)
2021-07-30 15:16:06,972 INFO org.apache.juli.logging.DirectJDKLog [main] Initializing ProtocolHandler ["http-nio-9090"]
2021-07-30 15:16:06,973 INFO org.apache.juli.logging.DirectJDKLog [main] Starting service [Tomcat]
2021-07-30 15:16:06,973 INFO org.apache.juli.logging.DirectJDKLog [main] Starting Servlet engine: [Apache Tomcat/9.0.48]
2021-07-30 15:16:07,208 INFO org.apache.juli.logging.DirectJDKLog [main] At least one JAR was scanned for TLDs yet contained no TLDs. Enable debug logging for this logger for a complete list of JARs that were scanned but no TLDs were found in them. Skipping unneeded JARs during scanning can improve startup time and JSP compilation time.
2021-07-30 15:16:07,217 INFO org.apache.juli.logging.DirectJDKLog [main] Initializing Spring embedded WebApplicationContext
2021-07-30 15:16:07,217 INFO org.springframework.boot.web.servlet.context.ServletWebServerApplicationContext [main] Root WebApplicationContext: initialization completed in 2288 ms
2021-07-30 15:16:07,445 INFO org.hibernate.Version [main] HHH000412: Hibernate ORM core version 5.4.32.Final
2021-07-30 15:16:07,604 INFO org.hibernate.annotations.common.reflection.java.JavaReflectionManager [main] HCANN000001: Hibernate Commons Annotations {5.1.2.Final}
2021-07-30 15:16:08,809 INFO org.hibernate.dialect.Dialect [main] HHH000400: Using dialect: org.hibernate.dialect.MySQL5InnoDBDialect
2021-07-30 15:16:09,575 INFO org.hibernate.engine.transaction.jta.platform.internal.JtaPlatformInitiator [main] HHH000490: Using JtaPlatform implementation: [org.hibernate.engine.transaction.jta.platform.internal.NoJtaPlatform]
2021-07-30 15:16:10,103 WARN org.springframework.boot.autoconfigure.orm.jpa.JpaBaseConfiguration$JpaWebConfiguration [main] spring.jpa.open-in-view is enabled by default. Therefore, database queries may be performed during view rendering. Explicitly configure spring.jpa.open-in-view to disable this warning
2021-07-30 15:16:10,521 INFO org.springframework.boot.actuate.endpoint.web.EndpointLinksResolver [main] Exposing 4 endpoint(s) beneath base path '/actuator'
2021-07-30 15:16:10,548 INFO org.apache.juli.logging.DirectJDKLog [main] Starting ProtocolHandler ["http-nio-9090"]
2021-07-30 15:16:10,575 INFO org.springframework.boot.web.embedded.tomcat.TomcatWebServer [main] Tomcat started on port(s): 9090 (http) with context path ''
2021-07-30 15:16:10,587 INFO org.springframework.boot.StartupInfoLogger [main] Started Group6projectspringApplication in 6.594 seconds (JVM running for 7.58)
2021-07-30 15:16:11,167 INFO org.apache.juli.logging.DirectJDKLog [RMI TCP Connection(1)-192.168.56.1] Initializing Spring DispatcherServlet 'dispatcherServlet'
2021-07-30 15:16:11,168 INFO org.springframework.web.servlet.FrameworkServlet [RMI TCP Connection(1)-192.168.56.1] Initializing Servlet 'dispatcherServlet'
2021-07-30 15:16:11,170 INFO org.springframework.web.servlet.FrameworkServlet [RMI TCP Connection(1)-192.168.56.1] Completed initialization in 2 ms
2021-07-30 15:25:21,626 INFO org.springframework.boot.StartupInfoLogger [main] Starting Group6projectspringApplication using Java 14.0.2 on DESKTOP-ILDD95P with PID 22440 (C:\Users\Galahad\Desktop\BCS\Project2\hrserver\target\classes started by Galahad in C:\Users\Galahad\Desktop\BCS\Project2\hrserver)
2021-07-30 15:25:21,630 INFO org.springframework.boot.SpringApplication [main] No active profile set, falling back to default profiles: default
2021-07-30 15:25:22,492 INFO org.springframework.data.repository.config.RepositoryConfigurationDelegate [main] Bootstrapping Spring Data JPA repositories in DEFAULT mode.
2021-07-30 15:25:22,523 INFO org.springframework.data.repository.config.RepositoryConfigurationDelegate [main] Finished Spring Data repository scanning in 23 ms. Found 0 JPA repository interfaces.
2021-07-30 15:25:22,933 INFO org.springframework.boot.web.embedded.tomcat.TomcatWebServer [main] Tomcat initialized with port(s): 9090 (http)
2021-07-30 15:25:22,939 INFO org.apache.juli.logging.DirectJDKLog [main] Initializing ProtocolHandler ["http-nio-9090"]
2021-07-30 15:25:22,939 INFO org.apache.juli.logging.DirectJDKLog [main] Starting service [Tomcat]
2021-07-30 15:25:22,939 INFO org.apache.juli.logging.DirectJDKLog [main] Starting Servlet engine: [Apache Tomcat/9.0.48]
2021-07-30 15:25:23,176 INFO org.apache.juli.logging.DirectJDKLog [main] At least one JAR was scanned for TLDs yet contained no TLDs. Enable debug logging for this logger for a complete list of JARs that were scanned but no TLDs were found in them. Skipping unneeded JARs during scanning can improve startup time and JSP compilation time.
2021-07-30 15:25:23,184 INFO org.apache.juli.logging.DirectJDKLog [main] Initializing Spring embedded WebApplicationContext
2021-07-30 15:25:23,184 INFO org.springframework.boot.web.servlet.context.ServletWebServerApplicationContext [main] Root WebApplicationContext: initialization completed in 1511 ms
2021-07-30 15:25:23,385 INFO org.hibernate.Version [main] HHH000412: Hibernate ORM core version 5.4.32.Final
2021-07-30 15:25:23,497 INFO org.hibernate.annotations.common.reflection.java.JavaReflectionManager [main] HCANN000001: Hibernate Commons Annotations {5.1.2.Final}
2021-07-30 15:25:24,543 INFO org.hibernate.dialect.Dialect [main] HHH000400: Using dialect: org.hibernate.dialect.MySQL5InnoDBDialect
2021-07-30 15:25:25,256 INFO org.hibernate.engine.transaction.jta.platform.internal.JtaPlatformInitiator [main] HHH000490: Using JtaPlatform implementation: [org.hibernate.engine.transaction.jta.platform.internal.NoJtaPlatform]
2021-07-30 15:25:25,703 WARN org.springframework.boot.autoconfigure.orm.jpa.JpaBaseConfiguration$JpaWebConfiguration [main] spring.jpa.open-in-view is enabled by default. Therefore, database queries may be performed during view rendering. Explicitly configure spring.jpa.open-in-view to disable this warning
2021-07-30 15:25:26,062 INFO org.springframework.boot.actuate.endpoint.web.EndpointLinksResolver [main] Exposing 4 endpoint(s) beneath base path '/actuator'
2021-07-30 15:25:26,086 INFO org.apache.juli.logging.DirectJDKLog [main] Starting ProtocolHandler ["http-nio-9090"]
2021-07-30 15:25:26,105 INFO org.springframework.boot.web.embedded.tomcat.TomcatWebServer [main] Tomcat started on port(s): 9090 (http) with context path ''
2021-07-30 15:25:26,116 INFO org.springframework.boot.StartupInfoLogger [main] Started Group6projectspringApplication in 4.911 seconds (JVM running for 5.595)
2021-07-30 15:25:26,384 INFO org.apache.juli.logging.DirectJDKLog [RMI TCP Connection(3)-192.168.56.1] Initializing Spring DispatcherServlet 'dispatcherServlet'
2021-07-30 15:25:26,386 INFO org.springframework.web.servlet.FrameworkServlet [RMI TCP Connection(3)-192.168.56.1] Initializing Servlet 'dispatcherServlet'
2021-07-30 15:25:26,387 INFO org.springframework.web.servlet.FrameworkServlet [RMI TCP Connection(3)-192.168.56.1] Completed initialization in 1 ms
2021-07-30 15:25:47,101 INFO org.springframework.boot.StartupInfoLogger [main] Starting Group6projectspringApplication using Java 14.0.2 on DESKTOP-ILDD95P with PID 25536 (C:\Users\Galahad\Desktop\BCS\Project2\hrserver\target\classes started by Galahad in C:\Users\Galahad\Desktop\BCS\Project2\hrserver)
2021-07-30 15:25:47,105 INFO org.springframework.boot.SpringApplication [main] No active profile set, falling back to default profiles: default
2021-07-30 15:25:47,980 INFO org.springframework.data.repository.config.RepositoryConfigurationDelegate [main] Bootstrapping Spring Data JPA repositories in DEFAULT mode.
2021-07-30 15:25:48,013 INFO org.springframework.data.repository.config.RepositoryConfigurationDelegate [main] Finished Spring Data repository scanning in 24 ms. Found 0 JPA repository interfaces.
2021-07-30 15:25:48,401 INFO org.springframework.boot.web.embedded.tomcat.TomcatWebServer [main] Tomcat initialized with port(s): 9090 (http)
2021-07-30 15:25:48,407 INFO org.apache.juli.logging.DirectJDKLog [main] Initializing ProtocolHandler ["http-nio-9090"]
2021-07-30 15:25:48,407 INFO org.apache.juli.logging.DirectJDKLog [main] Starting service [Tomcat]
2021-07-30 15:25:48,407 INFO org.apache.juli.logging.DirectJDKLog [main] Starting Servlet engine: [Apache Tomcat/9.0.48]
2021-07-30 15:25:48,637 INFO org.apache.juli.logging.DirectJDKLog [main] At least one JAR was scanned for TLDs yet contained no TLDs. Enable debug logging for this logger for a complete list of JARs that were scanned but no TLDs were found in them. Skipping unneeded JARs during scanning can improve startup time and JSP compilation time.
2021-07-30 15:25:48,650 INFO org.apache.juli.logging.DirectJDKLog [main] Initializing Spring embedded WebApplicationContext
2021-07-30 15:25:48,650 INFO org.springframework.boot.web.servlet.context.ServletWebServerApplicationContext [main] Root WebApplicationContext: initialization completed in 1505 ms
2021-07-30 15:25:48,866 INFO org.hibernate.Version [main] HHH000412: Hibernate ORM core version 5.4.32.Final
2021-07-30 15:25:48,986 INFO org.hibernate.annotations.common.reflection.java.JavaReflectionManager [main] HCANN000001: Hibernate Commons Annotations {5.1.2.Final}
2021-07-30 15:25:49,997 INFO org.hibernate.dialect.Dialect [main] HHH000400: Using dialect: org.hibernate.dialect.MySQL5InnoDBDialect
2021-07-30 15:25:50,780 INFO org.hibernate.engine.transaction.jta.platform.internal.JtaPlatformInitiator [main] HHH000490: Using JtaPlatform implementation: [org.hibernate.engine.transaction.jta.platform.internal.NoJtaPlatform]
2021-07-30 15:25:51,256 WARN org.springframework.boot.autoconfigure.orm.jpa.JpaBaseConfiguration$JpaWebConfiguration [main] spring.jpa.open-in-view is enabled by default. Therefore, database queries may be performed during view rendering. Explicitly configure spring.jpa.open-in-view to disable this warning
2021-07-30 15:25:51,608 INFO org.springframework.boot.actuate.endpoint.web.EndpointLinksResolver [main] Exposing 4 endpoint(s) beneath base path '/actuator'
2021-07-30 15:25:51,629 INFO org.apache.juli.logging.DirectJDKLog [main] Starting ProtocolHandler ["http-nio-9090"]
2021-07-30 15:25:51,653 INFO org.springframework.boot.web.embedded.tomcat.TomcatWebServer [main] Tomcat started on port(s): 9090 (http) with context path ''
2021-07-30 15:25:51,663 INFO org.springframework.boot.StartupInfoLogger [main] Started Group6projectspringApplication in 4.989 seconds (JVM running for 5.706)
2021-07-30 15:25:51,782 INFO org.apache.juli.logging.DirectJDKLog [RMI TCP Connection(2)-192.168.56.1] Initializing Spring DispatcherServlet 'dispatcherServlet'
2021-07-30 15:25:51,782 INFO org.springframework.web.servlet.FrameworkServlet [RMI TCP Connection(2)-192.168.56.1] Initializing Servlet 'dispatcherServlet'
2021-07-30 15:25:51,784 INFO org.springframework.web.servlet.FrameworkServlet [RMI TCP Connection(2)-192.168.56.1] Completed initialization in 1 ms
2021-07-30 15:26:57,104 INFO org.springframework.boot.StartupInfoLogger [main] Starting Group6projectspringApplication using Java 14.0.2 on DESKTOP-ILDD95P with PID 15424 (C:\Users\Galahad\Desktop\BCS\Project2\hrserver\target\classes started by Galahad in C:\Users\Galahad\Desktop\BCS\Project2\hrserver)
2021-07-30 15:26:57,106 INFO org.springframework.boot.SpringApplication [main] No active profile set, falling back to default profiles: default
2021-07-30 15:26:58,462 INFO org.springframework.data.repository.config.RepositoryConfigurationDelegate [main] Bootstrapping Spring Data JPA repositories in DEFAULT mode.
2021-07-30 15:26:58,502 INFO org.springframework.data.repository.config.RepositoryConfigurationDelegate [main] Finished Spring Data repository scanning in 29 ms. Found 0 JPA repository interfaces.
2021-07-30 15:26:58,958 INFO org.springframework.boot.web.embedded.tomcat.TomcatWebServer [main] Tomcat initialized with port(s): 9090 (http)
2021-07-30 15:26:58,964 INFO org.apache.juli.logging.DirectJDKLog [main] Initializing ProtocolHandler ["http-nio-9090"]
2021-07-30 15:26:58,964 INFO org.apache.juli.logging.DirectJDKLog [main] Starting service [Tomcat]
2021-07-30 15:26:58,964 INFO org.apache.juli.logging.DirectJDKLog [main] Starting Servlet engine: [Apache Tomcat/9.0.48]
2021-07-30 15:26:59,210 INFO org.apache.juli.logging.DirectJDKLog [main] At least one JAR was scanned for TLDs yet contained no TLDs. Enable debug logging for this logger for a complete list of JARs that were scanned but no TLDs were found in them. Skipping unneeded JARs during scanning can improve startup time and JSP compilation time.
2021-07-30 15:26:59,217 INFO org.apache.juli.logging.DirectJDKLog [main] Initializing Spring embedded WebApplicationContext
2021-07-30 15:26:59,218 INFO org.springframework.boot.web.servlet.context.ServletWebServerApplicationContext [main] Root WebApplicationContext: initialization completed in 2082 ms
2021-07-30 15:26:59,513 INFO org.hibernate.Version [main] HHH000412: Hibernate ORM core version 5.4.32.Final
2021-07-30 15:26:59,622 INFO org.hibernate.annotations.common.reflection.java.JavaReflectionManager [main] HCANN000001: Hibernate Commons Annotations {5.1.2.Final}
2021-07-30 15:27:00,686 INFO org.hibernate.dialect.Dialect [main] HHH000400: Using dialect: org.hibernate.dialect.MySQL5InnoDBDialect
2021-07-30 15:27:01,357 INFO org.hibernate.engine.transaction.jta.platform.internal.JtaPlatformInitiator [main] HHH000490: Using JtaPlatform implementation: [org.hibernate.engine.transaction.jta.platform.internal.NoJtaPlatform]
2021-07-30 15:27:01,825 WARN org.springframework.boot.autoconfigure.orm.jpa.JpaBaseConfiguration$JpaWebConfiguration [main] spring.jpa.open-in-view is enabled by default. Therefore, database queries may be performed during view rendering. Explicitly configure spring.jpa.open-in-view to disable this warning
2021-07-30 15:27:02,213 INFO org.springframework.boot.actuate.endpoint.web.EndpointLinksResolver [main] Exposing 4 endpoint(s) beneath base path '/actuator'
2021-07-30 15:27:02,238 INFO org.apache.juli.logging.DirectJDKLog [main] Starting ProtocolHandler ["http-nio-9090"]
2021-07-30 15:27:02,258 INFO org.springframework.boot.web.embedded.tomcat.TomcatWebServer [main] Tomcat started on port(s): 9090 (http) with context path ''
2021-07-30 15:27:02,269 INFO org.springframework.boot.StartupInfoLogger [main] Started Group6projectspringApplication in 5.549 seconds (JVM running for 6.742)
2021-07-30 15:27:07,008 INFO org.apache.juli.logging.DirectJDKLog [RMI TCP Connection(1)-192.168.56.1] Initializing Spring DispatcherServlet 'dispatcherServlet'
2021-07-30 15:27:07,009 INFO org.springframework.web.servlet.FrameworkServlet [RMI TCP Connection(1)-192.168.56.1] Initializing Servlet 'dispatcherServlet'
2021-07-30 15:27:07,011 INFO org.springframework.web.servlet.FrameworkServlet [RMI TCP Connection(1)-192.168.56.1] Completed initialization in 1 ms
2021-07-30 15:31:47,448 INFO org.springframework.boot.StartupInfoLogger [main] Starting Group6projectspringApplication using Java 14.0.2 on DESKTOP-ILDD95P with PID 34044 (C:\Users\Galahad\Desktop\BCS\Project2\hrserver\target\classes started by Galahad in C:\Users\Galahad\Desktop\BCS\Project2\hrserver)
2021-07-30 15:31:47,451 INFO org.springframework.boot.SpringApplication [main] No active profile set, falling back to default profiles: default
2021-07-30 15:31:48,547 INFO org.springframework.data.repository.config.RepositoryConfigurationDelegate [main] Bootstrapping Spring Data JPA repositories in DEFAULT mode.
2021-07-30 15:31:48,591 INFO org.springframework.data.repository.config.RepositoryConfigurationDelegate [main] Finished Spring Data repository scanning in 31 ms. Found 0 JPA repository interfaces.
2021-07-30 15:31:49,235 INFO org.springframework.boot.web.embedded.tomcat.TomcatWebServer [main] Tomcat initialized with port(s): 9090 (http)
2021-07-30 15:31:49,246 INFO org.apache.juli.logging.DirectJDKLog [main] Initializing ProtocolHandler ["http-nio-9090"]
2021-07-30 15:31:49,247 INFO org.apache.juli.logging.DirectJDKLog [main] Starting service [Tomcat]
2021-07-30 15:31:49,247 INFO org.apache.juli.logging.DirectJDKLog [main] Starting Servlet engine: [Apache Tomcat/9.0.48]
2021-07-30 15:31:49,489 INFO org.apache.juli.logging.DirectJDKLog [main] At least one JAR was scanned for TLDs yet contained no TLDs. Enable debug logging for this logger for a complete list of JARs that were scanned but no TLDs were found in them. Skipping unneeded JARs during scanning can improve startup time and JSP compilation time.
2021-07-30 15:31:49,506 INFO org.apache.juli.logging.DirectJDKLog [main] Initializing Spring embedded WebApplicationContext
2021-07-30 15:31:49,507 INFO org.springframework.boot.web.servlet.context.ServletWebServerApplicationContext [main] Root WebApplicationContext: initialization completed in 2007 ms
2021-07-30 15:31:49,832 INFO org.hibernate.Version [main] HHH000412: Hibernate ORM core version 5.4.32.Final
2021-07-30 15:31:49,986 INFO org.hibernate.annotations.common.reflection.java.JavaReflectionManager [main] HCANN000001: Hibernate Commons Annotations {5.1.2.Final}
2021-07-30 15:31:51,765 INFO org.hibernate.dialect.Dialect [main] HHH000400: Using dialect: org.hibernate.dialect.MySQL5InnoDBDialect
2021-07-30 15:42:28,284 INFO org.springframework.boot.StartupInfoLogger [main] Starting Group6projectspringApplication using Java 14.0.2 on DESKTOP-ILDD95P with PID 24336 (C:\Users\Galahad\Desktop\BCS\Project2\hrserver\target\classes started by Galahad in C:\Users\Galahad\Desktop\BCS\Project2\hrserver)
2021-07-30 15:42:28,286 INFO org.springframework.boot.SpringApplication [main] No active profile set, falling back to default profiles: default
2021-07-30 15:42:29,400 INFO org.springframework.data.repository.config.RepositoryConfigurationDelegate [main] Bootstrapping Spring Data JPA repositories in DEFAULT mode.
2021-07-30 15:42:29,429 INFO org.springframework.data.repository.config.RepositoryConfigurationDelegate [main] Finished Spring Data repository scanning in 22 ms. Found 0 JPA repository interfaces.
2021-07-30 15:42:29,814 INFO org.springframework.boot.web.embedded.tomcat.TomcatWebServer [main] Tomcat initialized with port(s): 9090 (http)
2021-07-30 15:42:29,820 INFO org.apache.juli.logging.DirectJDKLog [main] Initializing ProtocolHandler ["http-nio-9090"]
2021-07-30 15:42:29,820 INFO org.apache.juli.logging.DirectJDKLog [main] Starting service [Tomcat]
2021-07-30 15:42:29,821 INFO org.apache.juli.logging.DirectJDKLog [main] Starting Servlet engine: [Apache Tomcat/9.0.48]
2021-07-30 15:42:30,045 INFO org.apache.juli.logging.DirectJDKLog [main] At least one JAR was scanned for TLDs yet contained no TLDs. Enable debug logging for this logger for a complete list of JARs that were scanned but no TLDs were found in them. Skipping unneeded JARs during scanning can improve startup time and JSP compilation time.
2021-07-30 15:42:30,052 INFO org.apache.juli.logging.DirectJDKLog [main] Initializing Spring embedded WebApplicationContext
2021-07-30 15:42:30,052 INFO org.springframework.boot.web.servlet.context.ServletWebServerApplicationContext [main] Root WebApplicationContext: initialization completed in 1727 ms
2021-07-30 15:42:30,249 INFO org.hibernate.Version [main] HHH000412: Hibernate ORM core version 5.4.32.Final
2021-07-30 15:42:30,371 INFO org.hibernate.annotations.common.reflection.java.JavaReflectionManager [main] HCANN000001: Hibernate Commons Annotations {5.1.2.Final}
2021-07-30 15:42:31,395 INFO org.hibernate.dialect.Dialect [main] HHH000400: Using dialect: org.hibernate.dialect.MySQL5InnoDBDialect
2021-07-30 15:42:32,053 INFO org.hibernate.engine.transaction.jta.platform.internal.JtaPlatformInitiator [main] HHH000490: Using JtaPlatform implementation: [org.hibernate.engine.transaction.jta.platform.internal.NoJtaPlatform]
2021-07-30 15:42:32,453 WARN org.springframework.boot.autoconfigure.orm.jpa.JpaBaseConfiguration$JpaWebConfiguration [main] spring.jpa.open-in-view is enabled by default. Therefore, database queries may be performed during view rendering. Explicitly configure spring.jpa.open-in-view to disable this warning
2021-07-30 15:42:32,821 INFO org.springframework.boot.actuate.endpoint.web.EndpointLinksResolver [main] Exposing 4 endpoint(s) beneath base path '/actuator'
2021-07-30 15:42:32,841 INFO org.apache.juli.logging.DirectJDKLog [main] Starting ProtocolHandler ["http-nio-9090"]
2021-07-30 15:42:32,860 INFO org.springframework.boot.web.embedded.tomcat.TomcatWebServer [main] Tomcat started on port(s): 9090 (http) with context path ''
2021-07-30 15:42:32,871 INFO org.springframework.boot.StartupInfoLogger [main] Started Group6projectspringApplication in 5.041 seconds (JVM running for 5.831)
2021-07-30 15:42:33,429 INFO org.apache.juli.logging.DirectJDKLog [RMI TCP Connection(1)-192.168.56.1] Initializing Spring DispatcherServlet 'dispatcherServlet'
2021-07-30 15:42:33,430 INFO org.springframework.web.servlet.FrameworkServlet [RMI TCP Connection(1)-192.168.56.1] Initializing Servlet 'dispatcherServlet'
2021-07-30 15:42:33,432 INFO org.springframework.web.servlet.FrameworkServlet [RMI TCP Connection(1)-192.168.56.1] Completed initialization in 1 ms
